<?xml version="1.0" encoding="UTF-8"?>
<!-- Generated by org.testng.reporters.JUnitXMLReporter -->
<testsuite ignored="0" hostname="REM-LT-210215B" failures="1" tests="1" name="Execution: Exercise TestNG -&gt; Amazon Test Case Automation. By Carlos Acevedo" time="22.572" errors="0" timestamp="2022-12-20T12:24:12 CST">
  <testcase classname="SDET_java_maintenanceUnosquare.sdet_java.AmazonTestCases" name="amazon_end_to_end_flow" time="22.484">
    <failure type="java.lang.AssertionError" message="expected [true] but found [false]">
      <![CDATA[java.lang.AssertionError: expected [true] but found [false]
at SDET_java_maintenanceUnosquare.sdet_java.AmazonTestCases.amazon_end_to_end_flow(AmazonTestCases.java:170)
at java.base/java.util.ArrayList.forEach(ArrayList.java:1511)
... Removed 31 stack frames]]>
    </failure>
  </testcase> <!-- amazon_end_to_end_flow -->
</testsuite> <!-- Execution: Exercise TestNG -> Amazon Test Case Automation. By Carlos Acevedo -->
